mode: set
github.com/0xPolygon/cdk-data-availability/client/client.go:32.43,34.2 1 0
github.com/0xPolygon/cdk-data-availability/client/client.go:42.30,46.2 1 1
github.com/0xPolygon/cdk-data-availability/client/client.go:50.84,52.16 2 1
github.com/0xPolygon/cdk-data-availability/client/client.go:52.16,54.3 1 1
github.com/0xPolygon/cdk-data-availability/client/client.go:56.2,56.27 1 1
github.com/0xPolygon/cdk-data-availability/client/client.go:56.27,58.3 1 1
github.com/0xPolygon/cdk-data-availability/client/client.go:60.2,61.64 2 1
github.com/0xPolygon/cdk-data-availability/client/client.go:61.64,63.3 1 0
github.com/0xPolygon/cdk-data-availability/client/client.go:65.2,65.20 1 1
github.com/0xPolygon/cdk-data-availability/client/client.go:69.89,71.16 2 1
github.com/0xPolygon/cdk-data-availability/client/client.go:71.16,73.3 1 1
github.com/0xPolygon/cdk-data-availability/client/client.go:75.2,75.27 1 1
github.com/0xPolygon/cdk-data-availability/client/client.go:75.27,77.3 1 1
github.com/0xPolygon/cdk-data-availability/client/client.go:79.2,80.64 2 1
github.com/0xPolygon/cdk-data-availability/client/client.go:80.64,82.3 1 0
github.com/0xPolygon/cdk-data-availability/client/client.go:84.2,84.20 1 1
github.com/0xPolygon/cdk-data-availability/db/config.go:37.69,42.16 3 0
github.com/0xPolygon/cdk-data-availability/db/config.go:42.16,45.3 2 0
github.com/0xPolygon/cdk-data-availability/db/config.go:47.2,49.45 2 0
github.com/0xPolygon/cdk-data-availability/db/config.go:49.45,52.3 2 0
github.com/0xPolygon/cdk-data-availability/db/config.go:54.2,54.18 1 0
github.com/0xPolygon/cdk-data-availability/db/db.go:46.26,50.2 1 1
github.com/0xPolygon/cdk-data-availability/db/db.go:53.72,55.2 1 0
github.com/0xPolygon/cdk-data-availability/db/db.go:58.112,65.23 2 1
github.com/0xPolygon/cdk-data-availability/db/db.go:65.23,70.17 1 1
github.com/0xPolygon/cdk-data-availability/db/db.go:70.17,72.4 1 1
github.com/0xPolygon/cdk-data-availability/db/db.go:75.2,75.12 1 1
github.com/0xPolygon/cdk-data-availability/db/db.go:79.121,90.98 3 1
github.com/0xPolygon/cdk-data-availability/db/db.go:90.98,91.36 1 1
github.com/0xPolygon/cdk-data-availability/db/db.go:91.36,93.4 1 0
github.com/0xPolygon/cdk-data-availability/db/db.go:94.3,94.18 1 1
github.com/0xPolygon/cdk-data-availability/db/db.go:97.2,97.38 1 1
github.com/0xPolygon/cdk-data-availability/db/db.go:101.67,108.86 3 1
github.com/0xPolygon/cdk-data-availability/db/db.go:108.86,110.3 1 1
github.com/0xPolygon/cdk-data-availability/db/db.go:112.2,112.18 1 1
github.com/0xPolygon/cdk-data-availability/db/db.go:116.120,124.90 2 1
github.com/0xPolygon/cdk-data-availability/db/db.go:124.90,126.3 1 1
github.com/0xPolygon/cdk-data-availability/db/db.go:128.2,128.12 1 1
github.com/0xPolygon/cdk-data-availability/db/db.go:132.89,139.100 3 1
github.com/0xPolygon/cdk-data-availability/db/db.go:139.100,141.3 1 1
github.com/0xPolygon/cdk-data-availability/db/db.go:143.2,143.23 1 1
github.com/0xPolygon/cdk-data-availability/db/migrations.go:13.41,16.2 2 0
github.com/0xPolygon/cdk-data-availability/db/migrations.go:21.77,24.16 3 0
github.com/0xPolygon/cdk-data-availability/db/migrations.go:24.16,26.3 1 0
github.com/0xPolygon/cdk-data-availability/db/migrations.go:28.2,29.12 2 0
github.com/0xPolygon/cdk-data-availability/config/config.go:45.46,47.16 2 1
github.com/0xPolygon/cdk-data-availability/config/config.go:47.16,49.3 1 0
github.com/0xPolygon/cdk-data-availability/config/config.go:50.2,51.26 2 1
github.com/0xPolygon/cdk-data-availability/config/config.go:51.26,60.3 6 0
github.com/0xPolygon/cdk-data-availability/config/config.go:61.2,66.16 6 1
github.com/0xPolygon/cdk-data-availability/config/config.go:66.16,68.9 2 1
github.com/0xPolygon/cdk-data-availability/config/config.go:68.9,70.4 1 1
github.com/0xPolygon/cdk-data-availability/config/config.go:70.9,73.4 2 0
github.com/0xPolygon/cdk-data-availability/config/config.go:76.2,81.17 3 1
github.com/0xPolygon/cdk-data-availability/config/config.go:85.82,86.42 1 0
github.com/0xPolygon/cdk-data-availability/config/config.go:86.42,88.3 1 0
github.com/0xPolygon/cdk-data-availability/config/config.go:89.2,90.16 2 0
github.com/0xPolygon/cdk-data-availability/config/config.go:90.16,92.3 1 0
github.com/0xPolygon/cdk-data-availability/config/config.go:93.2,94.16 2 0
github.com/0xPolygon/cdk-data-availability/config/config.go:94.16,96.3 1 0
github.com/0xPolygon/cdk-data-availability/config/config.go:97.2,97.28 1 0
github.com/0xPolygon/cdk-data-availability/config/default.go:46.33,51.16 4 1
github.com/0xPolygon/cdk-data-availability/config/default.go:51.16,53.3 1 0
github.com/0xPolygon/cdk-data-availability/config/default.go:54.2,55.16 2 1
github.com/0xPolygon/cdk-data-availability/config/default.go:55.16,57.3 1 0
github.com/0xPolygon/cdk-data-availability/config/default.go:58.2,58.18 1 1
github.com/0xPolygon/cdk-data-availability/rpc/client.go:12.79,14.2 1 0
github.com/0xPolygon/cdk-data-availability/rpc/client.go:19.115,21.16 2 1
github.com/0xPolygon/cdk-data-availability/rpc/client.go:21.16,23.3 1 0
github.com/0xPolygon/cdk-data-availability/rpc/client.go:25.2,26.16 2 1
github.com/0xPolygon/cdk-data-availability/rpc/client.go:26.16,28.3 1 0
github.com/0xPolygon/cdk-data-availability/rpc/client.go:30.2,30.25 1 1
github.com/0xPolygon/cdk-data-availability/rpc/client.go:30.25,32.3 1 1
github.com/0xPolygon/cdk-data-availability/rpc/client.go:34.2,34.41 1 1
github.com/0xPolygon/cdk-data-availability/rpc/client.go:34.41,36.3 1 1
github.com/0xPolygon/cdk-data-availability/rpc/client.go:38.2,39.66 2 1
github.com/0xPolygon/cdk-data-availability/rpc/client.go:39.66,41.3 1 0
github.com/0xPolygon/cdk-data-availability/rpc/client.go:43.2,43.17 1 1
github.com/0xPolygon/cdk-data-availability/rpc/client.go:47.118,49.16 2 1
github.com/0xPolygon/cdk-data-availability/rpc/client.go:49.16,51.3 1 0
github.com/0xPolygon/cdk-data-availability/rpc/client.go:53.2,61.16 3 1
github.com/0xPolygon/cdk-data-availability/rpc/client.go:61.16,63.3 1 0
github.com/0xPolygon/cdk-data-availability/rpc/client.go:65.2,65.56 1 1
github.com/0xPolygon/cdk-data-availability/rpc/client.go:69.107,71.16 2 1
github.com/0xPolygon/cdk-data-availability/rpc/client.go:71.16,73.3 1 0
github.com/0xPolygon/cdk-data-availability/rpc/client.go:75.2,77.21 2 1
github.com/0xPolygon/cdk-data-availability/rpc/dbtxmanager.go:16.90,20.16 3 1
github.com/0xPolygon/cdk-data-availability/rpc/dbtxmanager.go:20.16,22.3 1 1
github.com/0xPolygon/cdk-data-availability/rpc/dbtxmanager.go:24.2,25.19 2 1
github.com/0xPolygon/cdk-data-availability/rpc/dbtxmanager.go:25.19,26.45 1 1
github.com/0xPolygon/cdk-data-availability/rpc/dbtxmanager.go:26.45,28.4 1 1
github.com/0xPolygon/cdk-data-availability/rpc/dbtxmanager.go:29.3,29.19 1 1
github.com/0xPolygon/cdk-data-availability/rpc/dbtxmanager.go:32.2,32.42 1 1
github.com/0xPolygon/cdk-data-availability/rpc/dbtxmanager.go:32.42,34.3 1 1
github.com/0xPolygon/cdk-data-availability/rpc/dbtxmanager.go:35.2,35.18 1 1
github.com/0xPolygon/cdk-data-availability/rpc/error.go:54.71,56.2 1 1
github.com/0xPolygon/cdk-data-availability/rpc/error.go:59.93,61.19 2 1
github.com/0xPolygon/cdk-data-availability/rpc/error.go:61.19,63.3 1 0
github.com/0xPolygon/cdk-data-availability/rpc/error.go:63.8,65.3 1 1
github.com/0xPolygon/cdk-data-availability/rpc/error.go:66.2,66.59 1 1
github.com/0xPolygon/cdk-data-availability/rpc/error.go:70.35,72.2 1 1
github.com/0xPolygon/cdk-data-availability/rpc/error.go:75.36,77.2 1 0
github.com/0xPolygon/cdk-data-availability/rpc/error.go:80.40,82.2 1 0
github.com/0xPolygon/cdk-data-availability/rpc/handler.go:32.36,34.2 1 1
github.com/0xPolygon/cdk-data-availability/rpc/handler.go:68.35,73.2 2 1
github.com/0xPolygon/cdk-data-availability/rpc/handler.go:82.54,87.15 5 1
github.com/0xPolygon/cdk-data-availability/rpc/handler.go:87.15,92.3 4 1
github.com/0xPolygon/cdk-data-availability/rpc/handler.go:93.2,97.16 4 1
github.com/0xPolygon/cdk-data-availability/rpc/handler.go:97.16,99.3 1 0
github.com/0xPolygon/cdk-data-availability/rpc/handler.go:101.2,109.35 8 1
github.com/0xPolygon/cdk-data-availability/rpc/handler.go:109.35,112.3 2 1
github.com/0xPolygon/cdk-data-availability/rpc/handler.go:113.2,113.62 1 1
github.com/0xPolygon/cdk-data-availability/rpc/handler.go:113.62,116.3 2 0
github.com/0xPolygon/cdk-data-availability/rpc/handler.go:116.8,116.40 1 1
github.com/0xPolygon/cdk-data-availability/rpc/handler.go:116.40,121.3 2 0
github.com/0xPolygon/cdk-data-availability/rpc/handler.go:124.2,125.100 2 1
github.com/0xPolygon/cdk-data-availability/rpc/handler.go:125.100,127.3 1 0
github.com/0xPolygon/cdk-data-availability/rpc/handler.go:129.2,131.45 2 1
github.com/0xPolygon/cdk-data-availability/rpc/handler.go:131.45,135.3 3 1
github.com/0xPolygon/cdk-data-availability/rpc/handler.go:137.2,137.24 1 1
github.com/0xPolygon/cdk-data-availability/rpc/handler.go:137.24,138.61 1 1
github.com/0xPolygon/cdk-data-availability/rpc/handler.go:138.61,140.4 1 0
github.com/0xPolygon/cdk-data-availability/rpc/handler.go:143.2,144.44 2 1
github.com/0xPolygon/cdk-data-availability/rpc/handler.go:144.44,147.3 2 0
github.com/0xPolygon/cdk-data-availability/rpc/handler.go:149.2,151.16 3 1
github.com/0xPolygon/cdk-data-availability/rpc/handler.go:151.16,154.3 2 1
github.com/0xPolygon/cdk-data-availability/rpc/handler.go:156.2,156.44 1 1
github.com/0xPolygon/cdk-data-availability/rpc/handler.go:160.107,163.54 3 0
github.com/0xPolygon/cdk-data-availability/rpc/handler.go:163.54,165.3 1 0
github.com/0xPolygon/cdk-data-availability/rpc/handler.go:167.2,173.36 2 0
github.com/0xPolygon/cdk-data-availability/rpc/handler.go:176.52,178.33 2 1
github.com/0xPolygon/cdk-data-availability/rpc/handler.go:178.33,179.88 1 0
github.com/0xPolygon/cdk-data-availability/rpc/handler.go:182.2,183.38 2 1
github.com/0xPolygon/cdk-data-availability/rpc/handler.go:183.38,185.23 2 1
github.com/0xPolygon/cdk-data-availability/rpc/handler.go:185.23,187.12 1 0
github.com/0xPolygon/cdk-data-availability/rpc/handler.go:190.3,196.79 5 1
github.com/0xPolygon/cdk-data-availability/rpc/handler.go:196.79,197.42 1 0
github.com/0xPolygon/cdk-data-availability/rpc/handler.go:200.3,200.26 1 1
github.com/0xPolygon/cdk-data-availability/rpc/handler.go:200.26,202.34 2 1
github.com/0xPolygon/cdk-data-availability/rpc/handler.go:202.34,204.5 1 0
github.com/0xPolygon/cdk-data-availability/rpc/handler.go:206.3,206.21 1 1
github.com/0xPolygon/cdk-data-availability/rpc/handler.go:209.2,212.3 1 1
github.com/0xPolygon/cdk-data-availability/rpc/handler.go:215.78,219.24 3 1
github.com/0xPolygon/cdk-data-availability/rpc/handler.go:219.24,221.3 1 0
github.com/0xPolygon/cdk-data-availability/rpc/handler.go:223.2,226.9 3 1
github.com/0xPolygon/cdk-data-availability/rpc/handler.go:226.9,229.3 2 0
github.com/0xPolygon/cdk-data-availability/rpc/handler.go:230.2,231.9 2 1
github.com/0xPolygon/cdk-data-availability/rpc/handler.go:231.9,233.3 1 0
github.com/0xPolygon/cdk-data-availability/rpc/handler.go:234.2,234.25 1 1
github.com/0xPolygon/cdk-data-availability/rpc/handler.go:237.113,238.20 1 1
github.com/0xPolygon/cdk-data-availability/rpc/handler.go:238.20,241.3 2 0
github.com/0xPolygon/cdk-data-availability/rpc/handler.go:243.2,244.31 2 1
github.com/0xPolygon/cdk-data-availability/rpc/handler.go:244.31,247.3 2 0
github.com/0xPolygon/cdk-data-availability/rpc/handler.go:249.2,252.41 3 1
github.com/0xPolygon/cdk-data-availability/rpc/handler.go:252.41,255.3 2 0
github.com/0xPolygon/cdk-data-availability/rpc/handler.go:256.2,256.32 1 1
github.com/0xPolygon/cdk-data-availability/rpc/handler.go:256.32,259.3 2 0
github.com/0xPolygon/cdk-data-availability/rpc/handler.go:261.2,262.29 2 1
github.com/0xPolygon/cdk-data-availability/rpc/handler.go:262.29,264.3 1 1
github.com/0xPolygon/cdk-data-availability/rpc/handler.go:265.2,265.8 1 1
github.com/0xPolygon/cdk-data-availability/rpc/handler.go:270.42,272.2 1 1
github.com/0xPolygon/cdk-data-availability/rpc/handler.go:274.38,275.15 1 1
github.com/0xPolygon/cdk-data-availability/rpc/handler.go:275.15,277.3 1 1
github.com/0xPolygon/cdk-data-availability/rpc/handler.go:279.2,279.36 1 0
github.com/0xPolygon/cdk-data-availability/rpc/handler.go:280.17,281.12 1 0
github.com/0xPolygon/cdk-data-availability/rpc/handler.go:282.10,283.56 1 0
github.com/0xPolygon/cdk-data-availability/rpc/handler.go:287.40,288.24 1 1
github.com/0xPolygon/cdk-data-availability/rpc/handler.go:288.24,290.3 1 1
github.com/0xPolygon/cdk-data-availability/rpc/handler.go:291.2,291.11 1 0
github.com/0xPolygon/cdk-data-availability/rpc/server.go:35.11,38.35 2 1
github.com/0xPolygon/cdk-data-availability/rpc/server.go:38.35,40.3 1 1
github.com/0xPolygon/cdk-data-availability/rpc/server.go:42.2,46.12 2 1
github.com/0xPolygon/cdk-data-availability/rpc/server.go:50.32,52.2 1 1
github.com/0xPolygon/cdk-data-availability/rpc/server.go:55.36,56.18 1 1
github.com/0xPolygon/cdk-data-availability/rpc/server.go:56.18,58.3 1 0
github.com/0xPolygon/cdk-data-availability/rpc/server.go:60.2,63.16 3 1
github.com/0xPolygon/cdk-data-availability/rpc/server.go:63.16,66.3 2 0
github.com/0xPolygon/cdk-data-availability/rpc/server.go:68.2,80.41 6 1
github.com/0xPolygon/cdk-data-availability/rpc/server.go:80.41,81.34 1 1
github.com/0xPolygon/cdk-data-availability/rpc/server.go:81.34,84.4 2 1
github.com/0xPolygon/cdk-data-availability/rpc/server.go:85.3,86.13 2 0
github.com/0xPolygon/cdk-data-availability/rpc/server.go:88.2,88.12 1 0
github.com/0xPolygon/cdk-data-availability/rpc/server.go:92.31,93.18 1 1
github.com/0xPolygon/cdk-data-availability/rpc/server.go:93.18,94.62 1 1
github.com/0xPolygon/cdk-data-availability/rpc/server.go:94.62,96.4 1 0
github.com/0xPolygon/cdk-data-availability/rpc/server.go:98.3,98.39 1 1
github.com/0xPolygon/cdk-data-availability/rpc/server.go:98.39,100.4 1 0
github.com/0xPolygon/cdk-data-availability/rpc/server.go:101.3,101.14 1 1
github.com/0xPolygon/cdk-data-availability/rpc/server.go:104.2,104.12 1 1
github.com/0xPolygon/cdk-data-availability/rpc/server.go:107.67,113.32 5 1
github.com/0xPolygon/cdk-data-availability/rpc/server.go:113.32,116.3 1 0
github.com/0xPolygon/cdk-data-availability/rpc/server.go:118.2,118.25 1 1
github.com/0xPolygon/cdk-data-availability/rpc/server.go:118.25,121.17 2 1
github.com/0xPolygon/cdk-data-availability/rpc/server.go:121.17,123.4 1 0
github.com/0xPolygon/cdk-data-availability/rpc/server.go:124.3,124.9 1 1
github.com/0xPolygon/cdk-data-availability/rpc/server.go:127.2,127.26 1 1
github.com/0xPolygon/cdk-data-availability/rpc/server.go:127.26,131.3 3 1
github.com/0xPolygon/cdk-data-availability/rpc/server.go:133.2,134.16 2 1
github.com/0xPolygon/cdk-data-availability/rpc/server.go:134.16,137.3 2 0
github.com/0xPolygon/cdk-data-availability/rpc/server.go:139.2,140.16 2 1
github.com/0xPolygon/cdk-data-availability/rpc/server.go:140.16,143.3 2 0
github.com/0xPolygon/cdk-data-availability/rpc/server.go:145.2,147.12 3 1
github.com/0xPolygon/cdk-data-availability/rpc/server.go:147.12,149.3 1 1
github.com/0xPolygon/cdk-data-availability/rpc/server.go:149.8,151.3 1 1
github.com/0xPolygon/cdk-data-availability/rpc/server.go:152.2,152.49 1 1
github.com/0xPolygon/cdk-data-availability/rpc/server.go:155.61,158.17 2 1
github.com/0xPolygon/cdk-data-availability/rpc/server.go:158.17,160.3 1 0
github.com/0xPolygon/cdk-data-availability/rpc/server.go:162.2,162.25 1 1
github.com/0xPolygon/cdk-data-availability/rpc/server.go:165.105,167.16 2 1
github.com/0xPolygon/cdk-data-availability/rpc/server.go:167.16,170.3 2 0
github.com/0xPolygon/cdk-data-availability/rpc/server.go:171.2,175.16 4 1
github.com/0xPolygon/cdk-data-availability/rpc/server.go:175.16,178.3 2 0
github.com/0xPolygon/cdk-data-availability/rpc/server.go:180.2,181.16 2 1
github.com/0xPolygon/cdk-data-availability/rpc/server.go:181.16,184.3 2 0
github.com/0xPolygon/cdk-data-availability/rpc/server.go:185.2,185.23 1 1
github.com/0xPolygon/cdk-data-availability/rpc/server.go:188.104,190.16 2 1
github.com/0xPolygon/cdk-data-availability/rpc/server.go:190.16,193.3 2 1
github.com/0xPolygon/cdk-data-availability/rpc/server.go:195.2,197.35 2 1
github.com/0xPolygon/cdk-data-availability/rpc/server.go:197.35,201.3 3 1
github.com/0xPolygon/cdk-data-availability/rpc/server.go:203.2,205.16 3 1
github.com/0xPolygon/cdk-data-availability/rpc/server.go:205.16,208.3 2 0
github.com/0xPolygon/cdk-data-availability/rpc/server.go:209.2,209.23 1 1
github.com/0xPolygon/cdk-data-availability/rpc/server.go:212.61,215.51 2 1
github.com/0xPolygon/cdk-data-availability/rpc/server.go:215.51,217.3 1 0
github.com/0xPolygon/cdk-data-availability/rpc/server.go:219.2,219.17 1 1
github.com/0xPolygon/cdk-data-availability/rpc/server.go:222.64,225.56 2 1
github.com/0xPolygon/cdk-data-availability/rpc/server.go:225.56,227.3 1 1
github.com/0xPolygon/cdk-data-availability/rpc/server.go:229.2,229.22 1 1
github.com/0xPolygon/cdk-data-availability/rpc/server.go:232.73,234.2 1 1
github.com/0xPolygon/cdk-data-availability/rpc/server.go:236.52,240.16 4 1
github.com/0xPolygon/cdk-data-availability/rpc/server.go:240.16,242.3 1 0
github.com/0xPolygon/cdk-data-availability/rpc/server.go:246.81,248.2 1 1
github.com/0xPolygon/cdk-data-availability/rpc/server.go:251.103,252.16 1 1
github.com/0xPolygon/cdk-data-availability/rpc/server.go:252.16,254.3 1 1
github.com/0xPolygon/cdk-data-availability/rpc/server.go:254.8,256.3 1 0
github.com/0xPolygon/cdk-data-availability/rpc/server.go:257.2,257.54 1 1
github.com/0xPolygon/cdk-data-availability/rpc/server.go:260.77,272.2 1 1
github.com/0xPolygon/cdk-data-availability/rpc/types.go:26.65,28.18 2 1
github.com/0xPolygon/cdk-data-availability/rpc/types.go:28.18,30.3 1 1
github.com/0xPolygon/cdk-data-availability/rpc/types.go:32.2,33.16 2 1
github.com/0xPolygon/cdk-data-availability/rpc/types.go:33.16,38.29 2 0
github.com/0xPolygon/cdk-data-availability/rpc/types.go:38.29,40.4 1 0
github.com/0xPolygon/cdk-data-availability/rpc/types.go:43.2,48.3 1 1
github.com/0xPolygon/cdk-data-availability/rpc/types.go:52.43,54.2 1 0
github.com/0xPolygon/cdk-data-availability/services/datacom/datacom.go:28.21,34.2 1 1
github.com/0xPolygon/cdk-data-availability/services/datacom/datacom.go:39.103,42.16 2 1
github.com/0xPolygon/cdk-data-availability/services/datacom/datacom.go:42.16,44.3 1 1
github.com/0xPolygon/cdk-data-availability/services/datacom/datacom.go:45.2,45.44 1 1
github.com/0xPolygon/cdk-data-availability/services/datacom/datacom.go:45.44,47.3 1 1
github.com/0xPolygon/cdk-data-availability/services/datacom/datacom.go:49.2,49.101 1 1
github.com/0xPolygon/cdk-data-availability/services/datacom/datacom.go:49.101,51.17 2 1
github.com/0xPolygon/cdk-data-availability/services/datacom/datacom.go:51.17,53.4 1 1
github.com/0xPolygon/cdk-data-availability/services/datacom/datacom.go:55.3,55.18 1 1
github.com/0xPolygon/cdk-data-availability/services/datacom/datacom.go:57.2,57.16 1 1
github.com/0xPolygon/cdk-data-availability/services/datacom/datacom.go:57.16,59.3 1 1
github.com/0xPolygon/cdk-data-availability/services/datacom/datacom.go:61.2,62.16 2 1
github.com/0xPolygon/cdk-data-availability/services/datacom/datacom.go:62.16,64.3 1 1
github.com/0xPolygon/cdk-data-availability/services/datacom/datacom.go:66.2,66.42 1 1
github.com/0xPolygon/cdk-data-availability/services/sync/sync.go:22.48,26.2 1 0
github.com/0xPolygon/cdk-data-availability/services/sync/sync.go:29.86,30.99 1 1
github.com/0xPolygon/cdk-data-availability/services/sync/sync.go:30.99,32.17 2 1
github.com/0xPolygon/cdk-data-availability/services/sync/sync.go:32.17,35.4 2 1
github.com/0xPolygon/cdk-data-availability/services/sync/sync.go:37.3,37.19 1 1
github.com/0xPolygon/cdk-data-availability/types/factories.go:33.101,35.2 1 0
github.com/0xPolygon/cdk-data-availability/types/sequence.go:24.40,26.45 2 1
github.com/0xPolygon/cdk-data-availability/types/sequence.go:26.45,36.3 3 1
github.com/0xPolygon/cdk-data-availability/types/sequence.go:37.2,37.20 1 1
github.com/0xPolygon/cdk-data-availability/types/sequence.go:42.80,45.16 3 1
github.com/0xPolygon/cdk-data-availability/types/sequence.go:45.16,47.3 1 0
github.com/0xPolygon/cdk-data-availability/types/sequence.go:49.2,53.116 4 1
github.com/0xPolygon/cdk-data-availability/types/sequence.go:53.116,59.17 6 0
github.com/0xPolygon/cdk-data-availability/types/sequence.go:59.17,61.4 1 0
github.com/0xPolygon/cdk-data-availability/types/sequence.go:61.9,63.4 1 0
github.com/0xPolygon/cdk-data-availability/types/sequence.go:65.2,75.8 6 1
github.com/0xPolygon/cdk-data-availability/types/sequence.go:79.50,81.45 2 0
github.com/0xPolygon/cdk-data-availability/types/sequence.go:81.45,86.3 1 0
github.com/0xPolygon/cdk-data-availability/types/sequence.go:87.2,87.11 1 0
github.com/0xPolygon/cdk-data-availability/types/sequence.go:97.59,98.38 1 1
github.com/0xPolygon/cdk-data-availability/types/sequence.go:98.38,100.3 1 0
github.com/0xPolygon/cdk-data-availability/types/sequence.go:101.2,105.16 5 1
github.com/0xPolygon/cdk-data-availability/types/sequence.go:105.16,107.3 1 0
github.com/0xPolygon/cdk-data-availability/types/sequence.go:108.2,108.45 1 1
github.com/0xPolygon/cdk-data-availability/types/types.go:28.50,33.2 4 0
github.com/0xPolygon/cdk-data-availability/types/types.go:36.55,39.16 3 0
github.com/0xPolygon/cdk-data-availability/types/types.go:39.16,41.3 1 0
github.com/0xPolygon/cdk-data-availability/types/types.go:42.2,43.12 2 0
github.com/0xPolygon/cdk-data-availability/types/types.go:47.33,50.2 2 0
github.com/0xPolygon/cdk-data-availability/types/types.go:56.38,60.2 2 0
github.com/0xPolygon/cdk-data-availability/types/types.go:63.49,65.2 1 0
github.com/0xPolygon/cdk-data-availability/types/types.go:68.54,70.16 2 0
github.com/0xPolygon/cdk-data-availability/types/types.go:70.16,72.3 1 0
github.com/0xPolygon/cdk-data-availability/types/types.go:73.2,76.12 4 0
github.com/0xPolygon/cdk-data-availability/types/types.go:80.32,83.2 2 0
github.com/0xPolygon/cdk-data-availability/types/types.go:90.55,91.32 1 0
github.com/0xPolygon/cdk-data-availability/types/types.go:91.32,93.3 1 0
github.com/0xPolygon/cdk-data-availability/types/types.go:95.2,97.12 3 0
github.com/0xPolygon/cdk-data-availability/types/types.go:101.40,103.16 2 0
github.com/0xPolygon/cdk-data-availability/types/types.go:103.16,105.3 1 0
github.com/0xPolygon/cdk-data-availability/types/types.go:106.2,106.15 1 0
github.com/0xPolygon/cdk-data-availability/types/types.go:109.35,111.21 2 0
github.com/0xPolygon/cdk-data-availability/types/types.go:111.21,113.3 1 0
github.com/0xPolygon/cdk-data-availability/types/types.go:114.2,114.27 1 0
github.com/0xPolygon/cdk-data-availability/types/types.go:117.44,120.21 3 0
github.com/0xPolygon/cdk-data-availability/types/types.go:120.21,122.3 1 0
github.com/0xPolygon/cdk-data-availability/types/types.go:123.2,123.30 1 0
github.com/0xPolygon/cdk-data-availability/types/types.go:127.32,129.32 2 0
github.com/0xPolygon/cdk-data-availability/types/types.go:129.32,130.78 1 0
github.com/0xPolygon/cdk-data-availability/types/types.go:130.78,132.4 1 0
github.com/0xPolygon/cdk-data-availability/types/types.go:134.2,134.13 1 0
github.com/0xPolygon/cdk-data-availability/types/types.go:139.43,141.18 2 0
github.com/0xPolygon/cdk-data-availability/types/types.go:141.18,143.3 1 0
github.com/0xPolygon/cdk-data-availability/types/types.go:145.2,145.35 1 0
github.com/0xPolygon/cdk-data-availability/types/types.go:152.52,154.16 2 0
github.com/0xPolygon/cdk-data-availability/types/types.go:154.16,156.3 1 0
github.com/0xPolygon/cdk-data-availability/types/types.go:158.2,162.12 4 0
github.com/0xPolygon/cdk-data-availability/types/types.go:166.47,170.2 2 0
github.com/0xPolygon/cdk-data-availability/types/types.go:173.30,176.2 2 0
github.com/0xPolygon/cdk-data-availability/synchronizer/batches.go:52.31,53.29 1 0
github.com/0xPolygon/cdk-data-availability/synchronizer/batches.go:53.29,56.3 2 0
github.com/0xPolygon/cdk-data-availability/synchronizer/batches.go:57.2,70.54 2 0
github.com/0xPolygon/cdk-data-availability/synchronizer/batches.go:73.55,79.16 5 1
github.com/0xPolygon/cdk-data-availability/synchronizer/batches.go:79.16,81.3 1 1
github.com/0xPolygon/cdk-data-availability/synchronizer/batches.go:82.2,82.41 1 1
github.com/0xPolygon/cdk-data-availability/synchronizer/batches.go:82.41,83.29 1 1
github.com/0xPolygon/cdk-data-availability/synchronizer/batches.go:83.29,85.4 1 1
github.com/0xPolygon/cdk-data-availability/synchronizer/batches.go:87.2,88.12 2 1
github.com/0xPolygon/cdk-data-availability/synchronizer/batches.go:92.38,97.2 4 0
github.com/0xPolygon/cdk-data-availability/synchronizer/batches.go:100.37,103.2 2 0
github.com/0xPolygon/cdk-data-availability/synchronizer/batches.go:105.45,106.6 1 1
github.com/0xPolygon/cdk-data-availability/synchronizer/batches.go:106.6,107.10 1 1
github.com/0xPolygon/cdk-data-availability/synchronizer/batches.go:108.25,110.18 2 1
github.com/0xPolygon/cdk-data-availability/synchronizer/batches.go:110.18,112.13 2 1
github.com/0xPolygon/cdk-data-availability/synchronizer/batches.go:114.4,114.25 1 1
github.com/0xPolygon/cdk-data-availability/synchronizer/batches.go:114.25,116.13 1 1
github.com/0xPolygon/cdk-data-availability/synchronizer/batches.go:118.4,119.18 2 1
github.com/0xPolygon/cdk-data-availability/synchronizer/batches.go:119.18,121.5 1 1
github.com/0xPolygon/cdk-data-availability/synchronizer/batches.go:122.18,123.10 1 1
github.com/0xPolygon/cdk-data-availability/synchronizer/batches.go:128.46,130.6 2 0
github.com/0xPolygon/cdk-data-availability/synchronizer/batches.go:130.6,132.10 2 0
github.com/0xPolygon/cdk-data-availability/synchronizer/batches.go:133.18,134.44 1 0
github.com/0xPolygon/cdk-data-availability/synchronizer/batches.go:134.44,136.5 1 0
github.com/0xPolygon/cdk-data-availability/synchronizer/batches.go:137.18,138.10 1 0
github.com/0xPolygon/cdk-data-availability/synchronizer/batches.go:144.51,146.16 2 0
github.com/0xPolygon/cdk-data-availability/synchronizer/batches.go:146.16,148.3 1 0
github.com/0xPolygon/cdk-data-availability/synchronizer/batches.go:150.2,154.16 3 0
github.com/0xPolygon/cdk-data-availability/synchronizer/batches.go:154.16,157.3 2 0
github.com/0xPolygon/cdk-data-availability/synchronizer/batches.go:159.2,159.34 1 0
github.com/0xPolygon/cdk-data-availability/synchronizer/batches.go:159.34,161.3 1 0
github.com/0xPolygon/cdk-data-availability/synchronizer/batches.go:163.2,169.16 2 0
github.com/0xPolygon/cdk-data-availability/synchronizer/batches.go:169.16,171.3 1 0
github.com/0xPolygon/cdk-data-availability/synchronizer/batches.go:172.2,172.18 1 0
github.com/0xPolygon/cdk-data-availability/synchronizer/batches.go:172.18,173.26 1 0
github.com/0xPolygon/cdk-data-availability/synchronizer/batches.go:173.26,175.4 1 0
github.com/0xPolygon/cdk-data-availability/synchronizer/batches.go:176.3,176.26 1 0
github.com/0xPolygon/cdk-data-availability/synchronizer/batches.go:180.2,181.16 2 0
github.com/0xPolygon/cdk-data-availability/synchronizer/batches.go:181.16,183.3 1 0
github.com/0xPolygon/cdk-data-availability/synchronizer/batches.go:184.2,184.12 1 0
github.com/0xPolygon/cdk-data-availability/synchronizer/batches.go:187.46,189.6 2 0
github.com/0xPolygon/cdk-data-availability/synchronizer/batches.go:189.6,190.10 1 0
github.com/0xPolygon/cdk-data-availability/synchronizer/batches.go:191.26,192.45 1 0
github.com/0xPolygon/cdk-data-availability/synchronizer/batches.go:192.45,194.5 1 0
github.com/0xPolygon/cdk-data-availability/synchronizer/batches.go:195.18,196.10 1 0
github.com/0xPolygon/cdk-data-availability/synchronizer/batches.go:207.95,212.16 4 1
github.com/0xPolygon/cdk-data-availability/synchronizer/batches.go:212.16,214.3 1 1
github.com/0xPolygon/cdk-data-availability/synchronizer/batches.go:215.2,217.16 3 1
github.com/0xPolygon/cdk-data-availability/synchronizer/batches.go:217.16,219.3 1 1
github.com/0xPolygon/cdk-data-availability/synchronizer/batches.go:222.2,223.61 2 1
github.com/0xPolygon/cdk-data-availability/synchronizer/batches.go:223.61,228.3 1 1
github.com/0xPolygon/cdk-data-availability/synchronizer/batches.go:230.2,231.32 2 1
github.com/0xPolygon/cdk-data-availability/synchronizer/batches.go:231.32,232.31 1 1
github.com/0xPolygon/cdk-data-availability/synchronizer/batches.go:232.31,234.4 1 1
github.com/0xPolygon/cdk-data-availability/synchronizer/batches.go:236.2,236.23 1 1
github.com/0xPolygon/cdk-data-availability/synchronizer/batches.go:236.23,238.3 1 1
github.com/0xPolygon/cdk-data-availability/synchronizer/batches.go:240.2,241.30 2 1
github.com/0xPolygon/cdk-data-availability/synchronizer/batches.go:241.30,244.17 3 1
github.com/0xPolygon/cdk-data-availability/synchronizer/batches.go:244.17,246.4 1 0
github.com/0xPolygon/cdk-data-availability/synchronizer/batches.go:247.3,247.30 1 1
github.com/0xPolygon/cdk-data-availability/synchronizer/batches.go:250.2,250.27 1 1
github.com/0xPolygon/cdk-data-availability/synchronizer/batches.go:253.83,256.17 2 1
github.com/0xPolygon/cdk-data-availability/synchronizer/batches.go:256.17,258.3 1 1
github.com/0xPolygon/cdk-data-availability/synchronizer/batches.go:261.2,261.28 1 1
github.com/0xPolygon/cdk-data-availability/synchronizer/batches.go:261.28,265.17 2 1
github.com/0xPolygon/cdk-data-availability/synchronizer/batches.go:265.17,267.4 1 0
github.com/0xPolygon/cdk-data-availability/synchronizer/batches.go:271.2,272.38 2 1
github.com/0xPolygon/cdk-data-availability/synchronizer/batches.go:272.38,274.3 1 1
github.com/0xPolygon/cdk-data-availability/synchronizer/batches.go:276.2,276.44 1 1
github.com/0xPolygon/cdk-data-availability/synchronizer/batches.go:276.44,278.94 2 1
github.com/0xPolygon/cdk-data-availability/synchronizer/batches.go:278.94,280.12 2 1
github.com/0xPolygon/cdk-data-availability/synchronizer/batches.go:282.3,283.17 2 1
github.com/0xPolygon/cdk-data-availability/synchronizer/batches.go:283.17,286.12 3 1
github.com/0xPolygon/cdk-data-availability/synchronizer/batches.go:289.3,289.20 1 1
github.com/0xPolygon/cdk-data-availability/synchronizer/batches.go:291.2,291.123 1 1
github.com/0xPolygon/cdk-data-availability/synchronizer/batches.go:295.79,297.16 2 1
github.com/0xPolygon/cdk-data-availability/synchronizer/batches.go:297.16,300.3 2 1
github.com/0xPolygon/cdk-data-availability/synchronizer/batches.go:302.2,303.29 2 1
github.com/0xPolygon/cdk-data-availability/synchronizer/batches.go:303.29,306.3 2 0
github.com/0xPolygon/cdk-data-availability/synchronizer/batches.go:307.2,310.3 1 1
github.com/0xPolygon/cdk-data-availability/synchronizer/batches.go:313.131,321.16 6 1
github.com/0xPolygon/cdk-data-availability/synchronizer/batches.go:321.16,323.3 1 1
github.com/0xPolygon/cdk-data-availability/synchronizer/batches.go:324.2,325.22 2 1
github.com/0xPolygon/cdk-data-availability/synchronizer/batches.go:325.22,327.3 1 1
github.com/0xPolygon/cdk-data-availability/synchronizer/batches.go:328.2,331.8 1 1
github.com/0xPolygon/cdk-data-availability/synchronizer/init.go:21.99,26.16 4 1
github.com/0xPolygon/cdk-data-availability/synchronizer/init.go:26.16,28.3 1 1
github.com/0xPolygon/cdk-data-availability/synchronizer/init.go:29.2,29.17 1 1
github.com/0xPolygon/cdk-data-availability/synchronizer/init.go:29.17,32.3 1 1
github.com/0xPolygon/cdk-data-availability/synchronizer/init.go:33.2,36.16 3 1
github.com/0xPolygon/cdk-data-availability/synchronizer/init.go:36.16,38.3 1 1
github.com/0xPolygon/cdk-data-availability/synchronizer/init.go:40.2,41.16 2 1
github.com/0xPolygon/cdk-data-availability/synchronizer/init.go:41.16,43.3 1 1
github.com/0xPolygon/cdk-data-availability/synchronizer/init.go:45.2,45.47 1 1
github.com/0xPolygon/cdk-data-availability/synchronizer/init.go:48.120,50.16 2 1
github.com/0xPolygon/cdk-data-availability/synchronizer/init.go:50.16,52.3 1 1
github.com/0xPolygon/cdk-data-availability/synchronizer/init.go:53.2,54.36 2 1
github.com/0xPolygon/cdk-data-availability/synchronizer/init.go:58.116,59.28 1 1
github.com/0xPolygon/cdk-data-availability/synchronizer/init.go:59.28,61.3 1 1
github.com/0xPolygon/cdk-data-availability/synchronizer/init.go:62.2,63.75 2 1
github.com/0xPolygon/cdk-data-availability/synchronizer/init.go:63.75,65.3 1 1
github.com/0xPolygon/cdk-data-availability/synchronizer/init.go:65.8,67.3 1 1
github.com/0xPolygon/cdk-data-availability/synchronizer/init.go:70.106,72.16 2 1
github.com/0xPolygon/cdk-data-availability/synchronizer/init.go:72.16,74.3 1 1
github.com/0xPolygon/cdk-data-availability/synchronizer/init.go:75.2,75.25 1 1
github.com/0xPolygon/cdk-data-availability/synchronizer/reorg.go:29.91,34.2 1 0
github.com/0xPolygon/cdk-data-availability/synchronizer/reorg.go:37.56,41.2 3 0
github.com/0xPolygon/cdk-data-availability/synchronizer/reorg.go:44.40,52.16 6 0
github.com/0xPolygon/cdk-data-availability/synchronizer/reorg.go:52.16,54.3 1 0
github.com/0xPolygon/cdk-data-availability/synchronizer/reorg.go:56.2,56.12 1 0
github.com/0xPolygon/cdk-data-availability/synchronizer/reorg.go:56.12,58.7 2 0
github.com/0xPolygon/cdk-data-availability/synchronizer/reorg.go:58.7,59.11 1 0
github.com/0xPolygon/cdk-data-availability/synchronizer/reorg.go:60.27,61.25 1 0
github.com/0xPolygon/cdk-data-availability/synchronizer/reorg.go:61.25,62.44 1 0
github.com/0xPolygon/cdk-data-availability/synchronizer/reorg.go:62.44,64.41 2 0
github.com/0xPolygon/cdk-data-availability/synchronizer/reorg.go:64.41,66.8 1 0
github.com/0xPolygon/cdk-data-availability/synchronizer/reorg.go:69.5,69.22 1 0
github.com/0xPolygon/cdk-data-availability/synchronizer/reorg.go:70.22,72.11 2 0
github.com/0xPolygon/cdk-data-availability/synchronizer/reorg.go:77.2,77.12 1 0
github.com/0xPolygon/cdk-data-availability/synchronizer/reorg.go:81.33,82.22 1 0
github.com/0xPolygon/cdk-data-availability/synchronizer/reorg.go:82.22,84.3 1 0
github.com/0xPolygon/cdk-data-availability/synchronizer/reorg.go:85.2,85.36 1 0
github.com/0xPolygon/cdk-data-availability/synchronizer/reorg.go:85.36,87.3 1 0
github.com/0xPolygon/cdk-data-availability/synchronizer/reorg.go:90.87,92.16 2 0
github.com/0xPolygon/cdk-data-availability/synchronizer/reorg.go:92.16,94.3 1 0
github.com/0xPolygon/cdk-data-availability/synchronizer/reorg.go:95.2,97.12 3 0
github.com/0xPolygon/cdk-data-availability/synchronizer/reorg.go:97.12,98.57 1 0
github.com/0xPolygon/cdk-data-availability/synchronizer/reorg.go:98.57,101.4 2 0
github.com/0xPolygon/cdk-data-availability/synchronizer/reorg.go:103.2,103.12 1 0
github.com/0xPolygon/cdk-data-availability/synchronizer/store.go:17.51,22.16 4 1
github.com/0xPolygon/cdk-data-availability/synchronizer/store.go:22.16,24.3 1 1
github.com/0xPolygon/cdk-data-availability/synchronizer/store.go:25.2,25.15 1 1
github.com/0xPolygon/cdk-data-availability/synchronizer/store.go:25.15,27.3 1 1
github.com/0xPolygon/cdk-data-availability/synchronizer/store.go:28.2,28.19 1 1
github.com/0xPolygon/cdk-data-availability/synchronizer/store.go:31.55,40.59 4 1
github.com/0xPolygon/cdk-data-availability/synchronizer/store.go:40.59,42.3 1 1
github.com/0xPolygon/cdk-data-availability/synchronizer/store.go:44.2,44.80 1 1
github.com/0xPolygon/cdk-data-availability/synchronizer/store.go:44.80,46.3 1 1
github.com/0xPolygon/cdk-data-availability/synchronizer/store.go:48.2,48.37 1 1
github.com/0xPolygon/cdk-data-availability/synchronizer/store.go:48.37,50.3 1 1
github.com/0xPolygon/cdk-data-availability/synchronizer/store.go:52.2,52.12 1 1
github.com/0xPolygon/cdk-data-availability/synchronizer/store.go:55.50,59.2 3 1
github.com/0xPolygon/cdk-data-availability/synchronizer/store.go:61.60,70.59 4 1
github.com/0xPolygon/cdk-data-availability/synchronizer/store.go:70.59,72.3 1 1
github.com/0xPolygon/cdk-data-availability/synchronizer/store.go:74.2,74.61 1 1
github.com/0xPolygon/cdk-data-availability/synchronizer/store.go:74.61,77.3 2 1
github.com/0xPolygon/cdk-data-availability/synchronizer/store.go:79.2,79.37 1 1
github.com/0xPolygon/cdk-data-availability/synchronizer/store.go:79.37,81.3 1 1
github.com/0xPolygon/cdk-data-availability/synchronizer/store.go:83.2,83.12 1 1
github.com/0xPolygon/cdk-data-availability/synchronizer/store.go:86.43,87.44 1 1
github.com/0xPolygon/cdk-data-availability/synchronizer/store.go:87.44,89.3 1 0
github.com/0xPolygon/cdk-data-availability/synchronizer/util.go:13.57,15.16 2 1
github.com/0xPolygon/cdk-data-availability/synchronizer/util.go:15.16,17.3 1 0
github.com/0xPolygon/cdk-data-availability/synchronizer/util.go:18.2,19.16 2 1
github.com/0xPolygon/cdk-data-availability/synchronizer/util.go:19.16,21.3 1 1
github.com/0xPolygon/cdk-data-availability/synchronizer/util.go:22.2,23.16 2 1
github.com/0xPolygon/cdk-data-availability/synchronizer/util.go:23.16,25.3 1 0
github.com/0xPolygon/cdk-data-availability/synchronizer/util.go:26.2,28.16 3 1
github.com/0xPolygon/cdk-data-availability/synchronizer/util.go:28.16,30.3 1 0
github.com/0xPolygon/cdk-data-availability/synchronizer/util.go:31.2,32.16 2 1
github.com/0xPolygon/cdk-data-availability/synchronizer/util.go:32.16,34.3 1 0
github.com/0xPolygon/cdk-data-availability/synchronizer/util.go:36.2,37.32 2 1
github.com/0xPolygon/cdk-data-availability/synchronizer/util.go:37.32,39.3 1 1
github.com/0xPolygon/cdk-data-availability/synchronizer/util.go:40.2,40.18 1 1
github.com/0xPolygon/cdk-data-availability/sequencer/call.go:20.62,22.16 2 1
github.com/0xPolygon/cdk-data-availability/sequencer/call.go:22.16,24.3 1 1
github.com/0xPolygon/cdk-data-availability/sequencer/call.go:26.2,26.27 1 1
github.com/0xPolygon/cdk-data-availability/sequencer/call.go:26.27,28.3 1 1
github.com/0xPolygon/cdk-data-availability/sequencer/call.go:30.2,31.64 2 1
github.com/0xPolygon/cdk-data-availability/sequencer/call.go:31.64,33.3 1 1
github.com/0xPolygon/cdk-data-availability/sequencer/call.go:35.2,35.21 1 1
github.com/0xPolygon/cdk-data-availability/sequencer/tracker.go:37.85,40.16 3 1
github.com/0xPolygon/cdk-data-availability/sequencer/tracker.go:40.16,42.3 1 1
github.com/0xPolygon/cdk-data-availability/sequencer/tracker.go:44.2,46.16 3 1
github.com/0xPolygon/cdk-data-availability/sequencer/tracker.go:46.16,48.3 1 1
github.com/0xPolygon/cdk-data-availability/sequencer/tracker.go:50.2,60.15 3 1
github.com/0xPolygon/cdk-data-availability/sequencer/tracker.go:64.45,68.2 3 1
github.com/0xPolygon/cdk-data-availability/sequencer/tracker.go:70.49,74.2 3 1
github.com/0xPolygon/cdk-data-availability/sequencer/tracker.go:77.36,81.2 3 1
github.com/0xPolygon/cdk-data-availability/sequencer/tracker.go:83.39,87.2 3 1
github.com/0xPolygon/cdk-data-availability/sequencer/tracker.go:90.47,91.25 1 1
github.com/0xPolygon/cdk-data-availability/sequencer/tracker.go:91.25,94.3 2 1
github.com/0xPolygon/cdk-data-availability/sequencer/tracker.go:97.58,101.6 3 1
github.com/0xPolygon/cdk-data-availability/sequencer/tracker.go:101.6,102.10 1 1
github.com/0xPolygon/cdk-data-availability/sequencer/tracker.go:103.21,104.65 1 0
github.com/0xPolygon/cdk-data-availability/sequencer/tracker.go:104.65,106.5 1 0
github.com/0xPolygon/cdk-data-availability/sequencer/tracker.go:107.11,113.19 3 1
github.com/0xPolygon/cdk-data-availability/sequencer/tracker.go:113.19,116.79 2 0
github.com/0xPolygon/cdk-data-availability/sequencer/tracker.go:116.79,118.6 1 0
github.com/0xPolygon/cdk-data-availability/sequencer/tracker.go:122.4,122.11 1 1
github.com/0xPolygon/cdk-data-availability/sequencer/tracker.go:123.23,125.38 2 1
github.com/0xPolygon/cdk-data-availability/sequencer/tracker.go:126.28,127.60 1 0
github.com/0xPolygon/cdk-data-availability/sequencer/tracker.go:128.22,130.66 1 0
github.com/0xPolygon/cdk-data-availability/sequencer/tracker.go:130.66,132.6 1 0
github.com/0xPolygon/cdk-data-availability/sequencer/tracker.go:133.19,134.19 1 1
github.com/0xPolygon/cdk-data-availability/sequencer/tracker.go:134.19,136.6 1 1
github.com/0xPolygon/cdk-data-availability/sequencer/tracker.go:137.5,138.11 2 1
github.com/0xPolygon/cdk-data-availability/sequencer/tracker.go:144.57,148.6 3 1
github.com/0xPolygon/cdk-data-availability/sequencer/tracker.go:148.6,149.10 1 1
github.com/0xPolygon/cdk-data-availability/sequencer/tracker.go:150.21,151.65 1 0
github.com/0xPolygon/cdk-data-availability/sequencer/tracker.go:151.65,153.5 1 0
github.com/0xPolygon/cdk-data-availability/sequencer/tracker.go:154.11,160.19 3 1
github.com/0xPolygon/cdk-data-availability/sequencer/tracker.go:160.19,163.82 2 0
github.com/0xPolygon/cdk-data-availability/sequencer/tracker.go:163.82,165.6 1 0
github.com/0xPolygon/cdk-data-availability/sequencer/tracker.go:169.4,169.11 1 1
github.com/0xPolygon/cdk-data-availability/sequencer/tracker.go:170.23,172.40 2 1
github.com/0xPolygon/cdk-data-availability/sequencer/tracker.go:173.28,174.60 1 0
github.com/0xPolygon/cdk-data-availability/sequencer/tracker.go:175.22,177.66 1 0
github.com/0xPolygon/cdk-data-availability/sequencer/tracker.go:177.66,179.6 1 0
github.com/0xPolygon/cdk-data-availability/sequencer/tracker.go:180.19,181.19 1 1
github.com/0xPolygon/cdk-data-availability/sequencer/tracker.go:181.19,183.6 1 1
github.com/0xPolygon/cdk-data-availability/sequencer/tracker.go:184.5,185.11 2 1
github.com/0xPolygon/cdk-data-availability/sequencer/tracker.go:192.73,194.2 1 0
github.com/0xPolygon/cdk-data-availability/sequencer/tracker.go:197.27,199.2 1 1
